<?xml version="1.0" encoding="UTF-8"?>
<Site BuildName="(empty)"
	BuildStamp="20250626-0926-Experimental"
	Name="(empty)"
	Generator="ctest-3.28.3"
	CompilerName=""
	CompilerVersion=""
	OSName="Linux"
	Hostname="ropra7"
	OSRelease="6.8.0-62-generic"
	OSVersion="#65-Ubuntu SMP PREEMPT_DYNAMIC Mon May 19 17:15:03 UTC 2025"
	OSPlatform="x86_64"
	Is64Bits="1"
	VendorString="GenuineIntel"
	VendorID="Intel Corporation"
	FamilyID="6"
	ModelID="158"
	ProcessorCacheSize="16384"
	NumberOfLogicalCPU="16"
	NumberOfPhysicalCPU="8"
	TotalVirtualMemory="511"
	TotalPhysicalMemory="128603"
	LogicalProcessorsPerPhysical="2"
	ProcessorClockFrequency="4699.8"
	>
	<Testing>
		<StartDateTime>Jun 26 19:30 CEST</StartDateTime>
		<StartTestTime>1750959027</StartTestTime>
		<TestList/>
		<EndDateTime>Jun 26 19:30 CEST</EndDateTime>
		<EndTestTime>1750959027</EndTestTime>
		<ElapsedMinutes>0</ElapsedMinutes>
	</Testing>
</Site>
